\BOOKMARK [0][-]{chapter.1}{Introduction}{}% 1
\BOOKMARK [1][-]{section.1.1}{Problem\040statement}{chapter.1}% 2
\BOOKMARK [1][-]{section.1.2}{Research\040Objectives}{chapter.1}% 3
\BOOKMARK [1][-]{section.1.3}{Thesis\040structure\040and\040presentation}{chapter.1}% 4
\BOOKMARK [0][-]{chapter.2}{Literature\040review}{}% 5
\BOOKMARK [1][-]{section.2.1}{Fuel\040cell\040electric\040vehicles}{chapter.2}% 6
\BOOKMARK [1][-]{section.2.2}{Hydrogen\040Production}{chapter.2}% 7
\BOOKMARK [2][-]{subsection.2.2.1}{Hydrogen\040from\040fossil\040fuels\040and\040hydrocarbons}{section.2.2}% 8
\BOOKMARK [2][-]{subsection.2.2.2}{Hydrogen\040from\040water}{section.2.2}% 9
\BOOKMARK [1][-]{section.2.3}{Hydrogen\040impurities\040in\040the\040supply\040chain}{chapter.2}% 10
\BOOKMARK [1][-]{section.2.4}{Hydrogen\040impurity\040enrichment\040using\040metal\040membranes}{chapter.2}% 11
\BOOKMARK [2][-]{subsection.2.4.1}{Other\040enrichment\040methods}{section.2.4}% 12
\BOOKMARK [1][-]{section.2.5}{Review\040of\040hydrogen\040selective\040membranes}{chapter.2}% 13
\BOOKMARK [2][-]{subsection.2.5.1}{Criteria\040for\040a\040hydrogen\040impurity\040enrichment\040material}{section.2.5}% 14
\BOOKMARK [2][-]{subsection.2.5.2}{Membrane\040manufacture}{section.2.5}% 15
\BOOKMARK [1][-]{section.2.6}{Density\040functional\040theory\040for\040screening\040of\040membrane\040alloy\040compositions}{chapter.2}% 16
\BOOKMARK [2][-]{subsection.2.6.1}{Key\040concepts}{section.2.6}% 17
\BOOKMARK [2][-]{subsection.2.6.2}{Use\040cases,\040and\040limitations}{section.2.6}% 18
\BOOKMARK [1][-]{section.2.7}{Conclusion}{chapter.2}% 19
\BOOKMARK [0][-]{chapter.3}{Procedures\040and\040methods}{}% 20
\BOOKMARK [1][-]{section.3.1}{Introduction}{chapter.3}% 21
\BOOKMARK [1][-]{section.3.2}{Preparation\040of\040gas\040standards}{chapter.3}% 22
\BOOKMARK [1][-]{section.3.3}{Hydrogen\040sampling}{chapter.3}% 23
\BOOKMARK [1][-]{section.3.4}{Membrane\040preparation}{chapter.3}% 24
\BOOKMARK [2][-]{subsection.3.4.1}{Support\040fabrication}{section.3.4}% 25
\BOOKMARK [2][-]{subsection.3.4.2}{Membrane\040deposition}{section.3.4}% 26
\BOOKMARK [2][-]{subsection.3.4.3}{Materials\040testing}{section.3.4}% 27
\BOOKMARK [1][-]{section.3.5}{Membrane\040Characterization}{chapter.3}% 28
\BOOKMARK [2][-]{subsection.3.5.1}{Membrane\040testing\040rig}{section.3.5}% 29
\BOOKMARK [1][-]{section.3.6}{Hydrogen\040impurity\040enrichment}{chapter.3}% 30
\BOOKMARK [2][-]{subsection.3.6.1}{Krypton\040spiking}{section.3.6}% 31
\BOOKMARK [2][-]{subsection.3.6.2}{Performing\040enrichment}{section.3.6}% 32
\BOOKMARK [1][-]{section.3.7}{Density\040functional\040theory}{chapter.3}% 33
\BOOKMARK [2][-]{subsection.3.7.1}{ISO\04014687\040Impurities\040and\040Hydrogen}{section.3.7}% 34
\BOOKMARK [2][-]{subsection.3.7.2}{Palladium\040and\040Palladium\040alloy\040slab\040models}{section.3.7}% 35
\BOOKMARK [0][-]{chapter.4}{Density\040functional\040theory\040as\040a\040screening\040method\040for\040dense\040metal\040membranes}{}% 36
\BOOKMARK [1][-]{section.4.1}{Introduction}{chapter.4}% 37
\BOOKMARK [1][-]{section.4.2}{Results\040and\040discussion}{chapter.4}% 38
\BOOKMARK [2][-]{subsection.4.2.1}{Stability\040of\040palladium\040alloy\040compositions\040and\040ISO\04014687-2\040impurities}{section.4.2}% 39
\BOOKMARK [2][-]{subsection.4.2.2}{Hydrogen\040and\040Impurity\040adsorption\040on\040palladium\040alloy\040membranes}{section.4.2}% 40
\BOOKMARK [1][-]{section.4.3}{Conclusion}{chapter.4}% 41
\BOOKMARK [0][-]{chapter.5}{Impurity\040resistance\040of\040dense\040metal\040membranes\040under\040hydrogen\040impurities}{}% 42
\BOOKMARK [1][-]{section.5.1}{Introduction}{chapter.5}% 43
\BOOKMARK [1][-]{section.5.2}{Results\040and\040Discussion}{chapter.5}% 44
\BOOKMARK [2][-]{subsection.5.2.1}{Membrane\040characterisation}{section.5.2}% 45
\BOOKMARK [2][-]{subsection.5.2.2}{Hydrogen\040permeation}{section.5.2}% 46
\BOOKMARK [2][-]{subsection.5.2.3}{Impurity\040reactivity}{section.5.2}% 47
\BOOKMARK [2][-]{subsection.5.2.4}{Relationship\040to\040DFT\040results}{section.5.2}% 48
\BOOKMARK [1][-]{section.5.3}{Conclusion}{chapter.5}% 49
\BOOKMARK [0][-]{chapter.6}{Designing\040an\040improved\040hydrogen\040impurity\040measurement\040device\040for\040measuring\040ISO\04014687\040impurities}{}% 50
\BOOKMARK [1][-]{section.6.1}{Introduction}{chapter.6}% 51
\BOOKMARK [1][-]{section.6.2}{Addition\040of\040krypton\040for\040tracer\040enrichment}{chapter.6}% 52
\BOOKMARK [1][-]{section.6.3}{Improvements}{chapter.6}% 53
\BOOKMARK [2][-]{subsection.6.3.1}{Safety}{section.6.3}% 54
\BOOKMARK [2][-]{subsection.6.3.2}{Usability}{section.6.3}% 55
\BOOKMARK [2][-]{subsection.6.3.3}{Automation}{section.6.3}% 56
\BOOKMARK [1][-]{section.6.4}{Conclusion}{chapter.6}% 57
\BOOKMARK [0][-]{chapter.7}{Enriching\040impurities\040in\040hydrogen\040refuelling\040station\040samples}{}% 58
\BOOKMARK [1][-]{section.7.1}{Introduction}{chapter.7}% 59
\BOOKMARK [1][-]{section.7.2}{Enrichment\040of\040hydrogen\040samples}{chapter.7}% 60
\BOOKMARK [2][-]{subsection.7.2.1}{Inert\040components}{section.7.2}% 61
\BOOKMARK [2][-]{subsection.7.2.2}{Sulphur\040containing\040compounds}{section.7.2}% 62
\BOOKMARK [2][-]{subsection.7.2.3}{HRS\040sample}{section.7.2}% 63
\BOOKMARK [1][-]{section.7.3}{Conclusion}{chapter.7}% 64
\BOOKMARK [0][-]{chapter.8}{Conclusions\040and\040future\040work}{}% 65
\BOOKMARK [1][-]{section.8.1}{Membranes\040for\040hydrogen\040separation}{chapter.8}% 66
\BOOKMARK [2][-]{subsection.8.1.1}{DFT\040for\040screening\040impurity\040resistant\040alloys}{section.8.1}% 67
\BOOKMARK [2][-]{subsection.8.1.2}{Use\040for\040dense\040metal\040membranes\040in\040the\040hydrogen\040economy}{section.8.1}% 68
\BOOKMARK [1][-]{section.8.2}{Impurity\040enrichment\040devices}{chapter.8}% 69
\BOOKMARK [2][-]{subsection.8.2.1}{Commercialisation\040and\040optimisation}{section.8.2}% 70
\BOOKMARK [2][-]{subsection.8.2.2}{Additional\040use\040cases}{section.8.2}% 71
\BOOKMARK [1][-]{section.8.3}{Other\040hydrogen\040impurity\040measurement\040challenges}{chapter.8}% 72
\BOOKMARK [1][-]{section.8.4}{Closing\040remarks}{chapter.8}% 73
\BOOKMARK [-1][-]{chapter*.79}{Appendices}{}% 74
\BOOKMARK [0][-]{appendix.A}{Uncertainties}{chapter*.79}% 75
\BOOKMARK [0][-]{appendix.B}{Metallic\040Phase\040Diagrams}{chapter*.79}% 76
\BOOKMARK [0][-]{appendix.C}{Simulation\040files}{chapter*.79}% 77
\BOOKMARK [1][-]{section.C.1}{Hydrogen\040impurities}{appendix.C}% 78
\BOOKMARK [2][-]{subsection.C.1.1}{Ammonia}{section.C.1}% 79
\BOOKMARK [2][-]{subsection.C.1.2}{Argon}{section.C.1}% 80
\BOOKMARK [2][-]{subsection.C.1.3}{Carbon\040Dioxide}{section.C.1}% 81
\BOOKMARK [2][-]{subsection.C.1.4}{Carbon\040Monoxide}{section.C.1}% 82
\BOOKMARK [2][-]{subsection.C.1.5}{Formaldehyde}{section.C.1}% 83
\BOOKMARK [2][-]{subsection.C.1.6}{Formic\040acid}{section.C.1}% 84
\BOOKMARK [2][-]{subsection.C.1.7}{Hydrogen}{section.C.1}% 85
\BOOKMARK [2][-]{subsection.C.1.8}{Helium}{section.C.1}% 86
\BOOKMARK [2][-]{subsection.C.1.9}{Hydrogen\040Sulphide}{section.C.1}% 87
\BOOKMARK [2][-]{subsection.C.1.10}{Methane}{section.C.1}% 88
\BOOKMARK [2][-]{subsection.C.1.11}{Nitrogen}{section.C.1}% 89
\BOOKMARK [2][-]{subsection.C.1.12}{Oxygen}{section.C.1}% 90
\BOOKMARK [2][-]{subsection.C.1.13}{Water}{section.C.1}% 91
\BOOKMARK [1][-]{section.C.2}{Palladium\040system}{appendix.C}% 92
\BOOKMARK [2][-]{subsection.C.2.1}{Example\040system\040adsorbing\040Hydrogen\040on\040the\040surface\040of\040PdAg\040}{section.C.2}% 93
\BOOKMARK [0][-]{appendix.D}{EDS\040mapping\040of\040membranes}{chapter*.79}% 94
\BOOKMARK [0][-]{appendix.E}{Pictures\040of\040commercial\040enrichment\040device}{chapter*.79}% 95
